

Started GET "/" for 127.0.0.1 at 2015-09-10 11:05:38 +0800
Processing by Rails::WelcomeController#index as HTML
  Rendered /home/rain/.rvm/gems/ruby-2.1.0/gems/railties-4.1.8/lib/rails/templates/rails/welcome/index.html.erb (15.6ms)
Completed 200 OK in 84ms (Views: 64.3ms | ActiveRecord: 0.0ms)


Started GET "/" for 127.0.0.1 at 2015-09-10 11:05:53 +0800
Processing by WelcomeController#index as HTML
  Rendered welcome/index.html.erb within layouts/application (0.3ms)
Completed 500 Internal Server Error in 53ms

ActionView::Template::Error (Invalid CSS after "  "lighten-5"": expected ")", was ":  #fdeaeb,"
  (in /home/rain/work/MyLife/app/assets/stylesheets/pink_color.scss:11)):
    2: <html>
    3: <head>
    4:   <title>Life</title>
    5:   <%= stylesheet_link_tag    'application', media: 'all', 'data-turbolinks-track' => true %>
    6:   <%= javascript_include_tag 'application', 'data-turbolinks-track' => true %>
    7:   <%= csrf_meta_tags %>
    8: </head>
  app/assets/stylesheets/pink_color.scss:1
  app/views/layouts/application.html.erb:5:in `_app_views_layouts_application_html_erb___3549415322712411434_45832060'


  Rendered /home/rain/.rvm/gems/ruby-2.1.0/gems/actionpack-4.1.8/lib/action_dispatch/middleware/templates/rescues/_trace.html.erb (1.3ms)
  Rendered /home/rain/.rvm/gems/ruby-2.1.0/gems/actionpack-4.1.8/lib/action_dispatch/middleware/templates/rescues/_request_and_response.html.erb (0.8ms)
  Rendered /home/rain/.rvm/gems/ruby-2.1.0/gems/actionpack-4.1.8/lib/action_dispatch/middleware/templates/rescues/template_error.html.erb within rescues/layout (13.1ms)


Started GET "/" for 127.0.0.1 at 2015-09-10 11:06:20 +0800
Processing by WelcomeController#index as HTML
  Rendered welcome/index.html.erb within layouts/application (2.3ms)
Completed 500 Internal Server Error in 41ms

ActionView::Template::Error (Invalid CSS after "  "lighten-5"": expected ")", was ":  #fdeaeb,"
  (in /home/rain/work/MyLife/app/assets/stylesheets/pink_color.scss:11)):
    2: <html>
    3: <head>
    4:   <title>Life</title>
    5:   <%= stylesheet_link_tag    'application', media: 'all', 'data-turbolinks-track' => true %>
    6:   <%= javascript_include_tag 'application', 'data-turbolinks-track' => true %>
    7:   <%= csrf_meta_tags %>
    8: </head>
  app/assets/stylesheets/pink_color.scss:1
  app/views/layouts/application.html.erb:5:in `_app_views_layouts_application_html_erb__4366980852351942113_39912420'


  Rendered /home/rain/.rvm/gems/ruby-2.1.0/gems/actionpack-4.1.8/lib/action_dispatch/middleware/templates/rescues/_trace.html.erb (1.3ms)
  Rendered /home/rain/.rvm/gems/ruby-2.1.0/gems/actionpack-4.1.8/lib/action_dispatch/middleware/templates/rescues/_request_and_response.html.erb (0.8ms)
  Rendered /home/rain/.rvm/gems/ruby-2.1.0/gems/actionpack-4.1.8/lib/action_dispatch/middleware/templates/rescues/template_error.html.erb within rescues/layout (8.4ms)


Started GET "/" for 127.0.0.1 at 2015-09-10 11:07:49 +0800
Processing by WelcomeController#index as HTML
  Rendered welcome/index.html.erb within layouts/application (0.1ms)
Completed 500 Internal Server Error in 33ms

ActionView::Template::Error (Invalid CSS after "  "lighten-5"": expected ")", was ":  #fdeaeb,"
  (in /home/rain/work/MyLife/app/assets/stylesheets/pink_color.scss:11)):
    2: <html>
    3: <head>
    4:   <title>Life</title>
    5:   <%= stylesheet_link_tag    'application', media: 'all', 'data-turbolinks-track' => true %>
    6:   <%= javascript_include_tag 'application', 'data-turbolinks-track' => true %>
    7:   <%= csrf_meta_tags %>
    8: </head>
  app/assets/stylesheets/pink_color.scss:1
  app/views/layouts/application.html.erb:5:in `_app_views_layouts_application_html_erb__4366980852351942113_39912420'


  Rendered /home/rain/.rvm/gems/ruby-2.1.0/gems/actionpack-4.1.8/lib/action_dispatch/middleware/templates/rescues/_trace.html.erb (2.1ms)
  Rendered /home/rain/.rvm/gems/ruby-2.1.0/gems/actionpack-4.1.8/lib/action_dispatch/middleware/templates/rescues/_request_and_response.html.erb (1.4ms)
  Rendered /home/rain/.rvm/gems/ruby-2.1.0/gems/actionpack-4.1.8/lib/action_dispatch/middleware/templates/rescues/template_error.html.erb within rescues/layout (14.8ms)


Started GET "/" for 127.0.0.1 at 2015-09-10 11:16:20 +0800
Processing by WelcomeController#index as HTML
  Rendered welcome/index.html.erb within layouts/application (0.8ms)
Completed 500 Internal Server Error in 40ms

ActionView::Template::Error (Invalid CSS after "  "lighten-5"": expected ")", was ":  #fdeaeb,"
  (in /home/rain/work/MyLife/app/assets/stylesheets/pink_color.scss:11)):
    2: <html>
    3: <head>
    4:   <title>Life</title>
    5:   <%= stylesheet_link_tag    'application', media: 'all', 'data-turbolinks-track' => true %>
    6:   <%= javascript_include_tag 'application', 'data-turbolinks-track' => true %>
    7:   <%= csrf_meta_tags %>
    8: </head>
  app/assets/stylesheets/pink_color.scss:1
  app/views/layouts/application.html.erb:5:in `_app_views_layouts_application_html_erb__488211815292638485_48479780'


  Rendered /home/rain/.rvm/gems/ruby-2.1.0/gems/actionpack-4.1.8/lib/action_dispatch/middleware/templates/rescues/_trace.html.erb (1.4ms)
  Rendered /home/rain/.rvm/gems/ruby-2.1.0/gems/actionpack-4.1.8/lib/action_dispatch/middleware/templates/rescues/_request_and_response.html.erb (1.1ms)
  Rendered /home/rain/.rvm/gems/ruby-2.1.0/gems/actionpack-4.1.8/lib/action_dispatch/middleware/templates/rescues/template_error.html.erb within rescues/layout (13.2ms)


Started GET "/" for 127.0.0.1 at 2015-09-10 11:19:17 +0800
Processing by WelcomeController#index as HTML
  Rendered welcome/index.html.erb within layouts/application (0.0ms)
Completed 500 Internal Server Error in 21ms

ActionView::Template::Error (Invalid CSS after "  "lighten-5"": expected ")", was ":  #fdeaeb,"
  (in /home/rain/work/MyLife/app/assets/stylesheets/pink_color.css.scss:11)):
    2: <html>
    3: <head>
    4:   <title>Life</title>
    5:   <%= stylesheet_link_tag    'application', media: 'all', 'data-turbolinks-track' => true %>
    6:   <%= javascript_include_tag 'application', 'data-turbolinks-track' => true %>
    7:   <%= csrf_meta_tags %>
    8: </head>
  app/assets/stylesheets/pink_color.css.scss:1
  app/views/layouts/application.html.erb:5:in `_app_views_layouts_application_html_erb__488211815292638485_48479780'


  Rendered /home/rain/.rvm/gems/ruby-2.1.0/gems/actionpack-4.1.8/lib/action_dispatch/middleware/templates/rescues/_trace.html.erb (6.5ms)
  Rendered /home/rain/.rvm/gems/ruby-2.1.0/gems/actionpack-4.1.8/lib/action_dispatch/middleware/templates/rescues/_request_and_response.html.erb (0.9ms)
  Rendered /home/rain/.rvm/gems/ruby-2.1.0/gems/actionpack-4.1.8/lib/action_dispatch/middleware/templates/rescues/template_error.html.erb within rescues/layout (14.9ms)


Started GET "/" for 127.0.0.1 at 2015-09-10 11:20:27 +0800
Processing by WelcomeController#index as HTML
  Rendered welcome/index.html.erb within layouts/application (0.0ms)
Completed 500 Internal Server Error in 44ms

ActionView::Template::Error (Invalid CSS after "  "lighten-5"": expected ")", was ":  #fdeaeb,"
  (in /home/rain/work/MyLife/app/assets/stylesheets/pink_color.scss:11)):
    2: <html>
    3: <head>
    4:   <title>Life</title>
    5:   <%= stylesheet_link_tag    'application', media: 'all', 'data-turbolinks-track' => true %>
    6:   <%= javascript_include_tag 'application', 'data-turbolinks-track' => true %>
    7:   <%= csrf_meta_tags %>
    8: </head>
  app/assets/stylesheets/pink_color.scss:1
  app/views/layouts/application.html.erb:5:in `_app_views_layouts_application_html_erb__488211815292638485_48479780'


  Rendered /home/rain/.rvm/gems/ruby-2.1.0/gems/actionpack-4.1.8/lib/action_dispatch/middleware/templates/rescues/_trace.html.erb (1.7ms)
  Rendered /home/rain/.rvm/gems/ruby-2.1.0/gems/actionpack-4.1.8/lib/action_dispatch/middleware/templates/rescues/_request_and_response.html.erb (0.8ms)
  Rendered /home/rain/.rvm/gems/ruby-2.1.0/gems/actionpack-4.1.8/lib/action_dispatch/middleware/templates/rescues/template_error.html.erb within rescues/layout (9.0ms)


Started GET "/" for 127.0.0.1 at 2015-09-10 11:20:48 +0800
Processing by WelcomeController#index as HTML
  Rendered welcome/index.html.erb within layouts/application (0.1ms)
Completed 500 Internal Server Error in 42ms

ActionView::Template::Error (Invalid CSS after "  "lighten-5"": expected ")", was ":  #fdeaeb,"
  (in /home/rain/work/MyLife/app/assets/stylesheets/pink_color.scss:11)):
    2: <html>
    3: <head>
    4:   <title>Life</title>
    5:   <%= stylesheet_link_tag    'application', media: 'all', 'data-turbolinks-track' => true %>
    6:   <%= javascript_include_tag 'application', 'data-turbolinks-track' => true %>
    7:   <%= csrf_meta_tags %>
    8: </head>
  app/assets/stylesheets/pink_color.scss:1
  app/views/layouts/application.html.erb:5:in `_app_views_layouts_application_html_erb__488211815292638485_48479780'


  Rendered /home/rain/.rvm/gems/ruby-2.1.0/gems/actionpack-4.1.8/lib/action_dispatch/middleware/templates/rescues/_trace.html.erb (1.2ms)
  Rendered /home/rain/.rvm/gems/ruby-2.1.0/gems/actionpack-4.1.8/lib/action_dispatch/middleware/templates/rescues/_request_and_response.html.erb (0.7ms)
  Rendered /home/rain/.rvm/gems/ruby-2.1.0/gems/actionpack-4.1.8/lib/action_dispatch/middleware/templates/rescues/template_error.html.erb within rescues/layout (16.1ms)


Started GET "/" for 127.0.0.1 at 2015-09-10 11:21:00 +0800
Processing by WelcomeController#index as HTML
  Rendered welcome/index.html.erb within layouts/application (0.1ms)
Completed 500 Internal Server Error in 114ms

ActionView::Template::Error (Invalid CSS after "  "lighten-5"": expected ")", was ":  #fdeaeb,"
  (in /home/rain/work/MyLife/app/assets/stylesheets/pink_color.scss:11)):
    2: <html>
    3: <head>
    4:   <title>Life</title>
    5:   <%= stylesheet_link_tag    'application', media: 'all', 'data-turbolinks-track' => true %>
    6:   <%= javascript_include_tag 'application', 'data-turbolinks-track' => true %>
    7:   <%= csrf_meta_tags %>
    8: </head>
  app/assets/stylesheets/pink_color.scss:3
  app/views/layouts/application.html.erb:5:in `_app_views_layouts_application_html_erb__488211815292638485_48479780'


  Rendered /home/rain/.rvm/gems/ruby-2.1.0/gems/actionpack-4.1.8/lib/action_dispatch/middleware/templates/rescues/_trace.html.erb (1.1ms)
  Rendered /home/rain/.rvm/gems/ruby-2.1.0/gems/actionpack-4.1.8/lib/action_dispatch/middleware/templates/rescues/_request_and_response.html.erb (1.0ms)
  Rendered /home/rain/.rvm/gems/ruby-2.1.0/gems/actionpack-4.1.8/lib/action_dispatch/middleware/templates/rescues/template_error.html.erb within rescues/layout (13.2ms)


Started GET "/" for 127.0.0.1 at 2015-09-10 11:21:17 +0800
Processing by WelcomeController#index as HTML
  Rendered welcome/index.html.erb within layouts/application (0.1ms)
Completed 200 OK in 458ms (Views: 456.4ms | ActiveRecord: 0.0ms)


Started GET "/assets/pink_color.css?body=1" for 127.0.0.1 at 2015-09-10 11:21:17 +0800


Started GET "/assets/application.css?body=1" for 127.0.0.1 at 2015-09-10 11:21:17 +0800


Started GET "/assets/jquery.js?body=1" for 127.0.0.1 at 2015-09-10 11:21:17 +0800


Started GET "/assets/jquery_ujs.js?body=1" for 127.0.0.1 at 2015-09-10 11:21:17 +0800


Started GET "/assets/turbolinks.js?body=1" for 127.0.0.1 at 2015-09-10 11:21:17 +0800


Started GET "/assets/application.js?body=1" for 127.0.0.1 at 2015-09-10 11:21:17 +0800


Started GET "/" for 127.0.0.1 at 2015-09-10 11:24:17 +0800
Processing by WelcomeController#index as HTML
  Rendered welcome/index.html.erb within layouts/application (0.1ms)
Completed 500 Internal Server Error in 40ms

ActionView::Template::Error (Invalid CSS after "  "lighten-5"": expected ")", was ":  #fdeaeb,"
  (in /home/rain/work/MyLife/app/assets/stylesheets/pink_color.scss:11)):
    2: <html>
    3: <head>
    4:   <title>Life</title>
    5:   <%= stylesheet_link_tag    'application', media: 'all', 'data-turbolinks-track' => true %>
    6:   <%= javascript_include_tag 'application', 'data-turbolinks-track' => true %>
    7:   <%= csrf_meta_tags %>
    8: </head>
  app/assets/stylesheets/pink_color.scss:1
  app/views/layouts/application.html.erb:5:in `_app_views_layouts_application_html_erb__488211815292638485_48479780'


  Rendered /home/rain/.rvm/gems/ruby-2.1.0/gems/actionpack-4.1.8/lib/action_dispatch/middleware/templates/rescues/_trace.html.erb (1.7ms)
  Rendered /home/rain/.rvm/gems/ruby-2.1.0/gems/actionpack-4.1.8/lib/action_dispatch/middleware/templates/rescues/_request_and_response.html.erb (1.2ms)
  Rendered /home/rain/.rvm/gems/ruby-2.1.0/gems/actionpack-4.1.8/lib/action_dispatch/middleware/templates/rescues/template_error.html.erb within rescues/layout (11.0ms)


Started GET "/" for 127.0.0.1 at 2015-09-10 11:30:07 +0800
Processing by WelcomeController#index as HTML
  Rendered welcome/index.html.erb within layouts/application (4.6ms)
Completed 500 Internal Server Error in 86ms

ActionView::Template::Error (Invalid CSS after "  "lighten-5"": expected ")", was ":  #fdeaeb,"
  (in /home/rain/work/MyLife/app/assets/stylesheets/pink_color.scss:11)):
    2: <html>
    3: <head>
    4:   <title>Life</title>
    5:   <%= stylesheet_link_tag    'application', media: 'all', 'data-turbolinks-track' => true %>
    6:   <%= javascript_include_tag 'application', 'data-turbolinks-track' => true %>
    7:   <%= csrf_meta_tags %>
    8: </head>
  app/assets/stylesheets/pink_color.scss:1
  app/views/layouts/application.html.erb:5:in `_app_views_layouts_application_html_erb___2613025179541836566_48217720'


  Rendered /home/rain/.rvm/gems/ruby-2.1.0/gems/actionpack-4.1.8/lib/action_dispatch/middleware/templates/rescues/_trace.html.erb (3.9ms)
  Rendered /home/rain/.rvm/gems/ruby-2.1.0/gems/actionpack-4.1.8/lib/action_dispatch/middleware/templates/rescues/_request_and_response.html.erb (2.6ms)
  Rendered /home/rain/.rvm/gems/ruby-2.1.0/gems/actionpack-4.1.8/lib/action_dispatch/middleware/templates/rescues/template_error.html.erb within rescues/layout (30.6ms)


Started GET "/" for 127.0.0.1 at 2015-09-10 15:28:14 +0800
Processing by WelcomeController#index as HTML
  Rendered welcome/index.html.erb within layouts/application (0.9ms)
Completed 500 Internal Server Error in 31ms

ActionView::Template::Error (Invalid CSS after "  "lighten-5"": expected ")", was ":  #fdeaeb,"
  (in /home/rain/work/MyLife/app/assets/stylesheets/pink_color.scss:11)):
    2: <html>
    3: <head>
    4:   <title>Life</title>
    5:   <%= stylesheet_link_tag    'application', media: 'all', 'data-turbolinks-track' => true %>
    6:   <%= javascript_include_tag 'application', 'data-turbolinks-track' => true %>
    7:   <%= csrf_meta_tags %>
    8: </head>
  app/assets/stylesheets/pink_color.scss:1
  app/views/layouts/application.html.erb:5:in `_app_views_layouts_application_html_erb__2104708659839384803_42266700'


  Rendered /home/rain/.rvm/gems/ruby-2.1.0/gems/actionpack-4.1.8/lib/action_dispatch/middleware/templates/rescues/_trace.html.erb (1.2ms)
  Rendered /home/rain/.rvm/gems/ruby-2.1.0/gems/actionpack-4.1.8/lib/action_dispatch/middleware/templates/rescues/_request_and_response.html.erb (0.7ms)
  Rendered /home/rain/.rvm/gems/ruby-2.1.0/gems/actionpack-4.1.8/lib/action_dispatch/middleware/templates/rescues/template_error.html.erb within rescues/layout (7.4ms)


Started GET "/" for 127.0.0.1 at 2015-09-10 16:08:33 +0800
Processing by WelcomeController#index as HTML
  Rendered welcome/index.html.erb within layouts/application (0.8ms)
Completed 200 OK in 104ms (Views: 84.9ms | ActiveRecord: 0.0ms)


Started GET "/assets/pink_color.css?body=1" for 127.0.0.1 at 2015-09-10 16:08:34 +0800


Started GET "/assets/turbolinks.js?body=1" for 127.0.0.1 at 2015-09-10 16:08:34 +0800


Started GET "/assets/jquery_ujs.js?body=1" for 127.0.0.1 at 2015-09-10 16:08:34 +0800


Started GET "/assets/application.js?body=1" for 127.0.0.1 at 2015-09-10 16:08:34 +0800


Started GET "/assets/jquery.js?body=1" for 127.0.0.1 at 2015-09-10 16:08:34 +0800


Started GET "/assets/application.css?body=1" for 127.0.0.1 at 2015-09-10 16:08:34 +0800


Started GET "/" for 127.0.0.1 at 2015-09-10 16:10:05 +0800
Processing by WelcomeController#index as HTML
  Rendered welcome/index.html.erb within layouts/application (0.7ms)
Completed 200 OK in 59ms (Views: 43.1ms | ActiveRecord: 0.0ms)


Started GET "/assets/application.css?body=1" for 127.0.0.1 at 2015-09-10 16:10:06 +0800


Started GET "/assets/jquery.js?body=1" for 127.0.0.1 at 2015-09-10 16:10:06 +0800


Started GET "/assets/jquery_ujs.js?body=1" for 127.0.0.1 at 2015-09-10 16:10:06 +0800


Started GET "/assets/application.js?body=1" for 127.0.0.1 at 2015-09-10 16:10:06 +0800


Started GET "/assets/turbolinks.js?body=1" for 127.0.0.1 at 2015-09-10 16:10:06 +0800


Started GET "/assets/application.css?body=1" for 127.0.0.1 at 2015-09-10 16:11:09 +0800


Started GET "/" for 127.0.0.1 at 2015-09-10 16:12:25 +0800
Processing by WelcomeController#index as HTML
  Rendered welcome/index.html.erb within layouts/application (0.8ms)
Completed 200 OK in 102ms (Views: 87.0ms | ActiveRecord: 0.0ms)


Started GET "/assets/materialize.css?body=1" for 127.0.0.1 at 2015-09-10 16:12:25 +0800


Started GET "/assets/application.css?body=1" for 127.0.0.1 at 2015-09-10 16:12:25 +0800


Started GET "/assets/materialize.js?body=1" for 127.0.0.1 at 2015-09-10 16:12:25 +0800


Started GET "/assets/jquery.js?body=1" for 127.0.0.1 at 2015-09-10 16:12:25 +0800


Started GET "/assets/jquery_ujs.js?body=1" for 127.0.0.1 at 2015-09-10 16:12:25 +0800


Started GET "/assets/turbolinks.js?body=1" for 127.0.0.1 at 2015-09-10 16:12:25 +0800


Started GET "/assets/application.js?body=1" for 127.0.0.1 at 2015-09-10 16:12:25 +0800


Started GET "/font/roboto/Roboto-Regular.woff" for 127.0.0.1 at 2015-09-10 16:12:25 +0800

ActionController::RoutingError (No route matches [GET] "/font/roboto/Roboto-Regular.woff"):
  actionpack (4.1.8) lib/action_dispatch/middleware/debug_exceptions.rb:21:in `call'
  actionpack (4.1.8) lib/action_dispatch/middleware/show_exceptions.rb:30:in `call'
  railties (4.1.8) lib/rails/rack/logger.rb:38:in `call_app'
  railties (4.1.8) lib/rails/rack/logger.rb:20:in `block in call'
  activesupport (4.1.8) lib/active_support/tagged_logging.rb:68:in `block in tagged'
  activesupport (4.1.8) lib/active_support/tagged_logging.rb:26:in `tagged'
  activesupport (4.1.8) lib/active_support/tagged_logging.rb:68:in `tagged'
  railties (4.1.8) lib/rails/rack/logger.rb:20:in `call'
  actionpack (4.1.8) lib/action_dispatch/middleware/request_id.rb:21:in `call'
  rack (1.5.5) lib/rack/methodoverride.rb:21:in `call'
  rack (1.5.5) lib/rack/runtime.rb:17:in `call'
  activesupport (4.1.8) lib/active_support/cache/strategy/local_cache_middleware.rb:26:in `call'
  rack (1.5.5) lib/rack/lock.rb:17:in `call'
  actionpack (4.1.8) lib/action_dispatch/middleware/static.rb:84:in `call'
  rack (1.5.5) lib/rack/sendfile.rb:112:in `call'
  railties (4.1.8) lib/rails/engine.rb:514:in `call'
  railties (4.1.8) lib/rails/application.rb:144:in `call'
  rack (1.5.5) lib/rack/lock.rb:17:in `call'
  rack (1.5.5) lib/rack/content_length.rb:14:in `call'
  rack (1.5.5) lib/rack/handler/webrick.rb:60:in `service'
  /home/rain/.rvm/rubies/ruby-2.1.0/lib/ruby/2.1.0/webrick/httpserver.rb:138:in `service'
  /home/rain/.rvm/rubies/ruby-2.1.0/lib/ruby/2.1.0/webrick/httpserver.rb:94:in `run'
  /home/rain/.rvm/rubies/ruby-2.1.0/lib/ruby/2.1.0/webrick/server.rb:295:in `block in start_thread'


  Rendered /home/rain/.rvm/gems/ruby-2.1.0/gems/actionpack-4.1.8/lib/action_dispatch/middleware/templates/rescues/_trace.html.erb (0.7ms)
  Rendered /home/rain/.rvm/gems/ruby-2.1.0/gems/actionpack-4.1.8/lib/action_dispatch/middleware/templates/routes/_route.html.erb (0.6ms)
  Rendered /home/rain/.rvm/gems/ruby-2.1.0/gems/actionpack-4.1.8/lib/action_dispatch/middleware/templates/routes/_table.html.erb (31.7ms)
  Rendered /home/rain/.rvm/gems/ruby-2.1.0/gems/actionpack-4.1.8/lib/action_dispatch/middleware/templates/rescues/routing_error.html.erb within rescues/layout (68.2ms)


Started GET "/font/roboto/Roboto-Regular.ttf" for 127.0.0.1 at 2015-09-10 16:12:25 +0800

ActionController::RoutingError (No route matches [GET] "/font/roboto/Roboto-Regular.ttf"):
  actionpack (4.1.8) lib/action_dispatch/middleware/debug_exceptions.rb:21:in `call'
  actionpack (4.1.8) lib/action_dispatch/middleware/show_exceptions.rb:30:in `call'
  railties (4.1.8) lib/rails/rack/logger.rb:38:in `call_app'
  railties (4.1.8) lib/rails/rack/logger.rb:20:in `block in call'
  activesupport (4.1.8) lib/active_support/tagged_logging.rb:68:in `block in tagged'
  activesupport (4.1.8) lib/active_support/tagged_logging.rb:26:in `tagged'
  activesupport (4.1.8) lib/active_support/tagged_logging.rb:68:in `tagged'
  railties (4.1.8) lib/rails/rack/logger.rb:20:in `call'
  actionpack (4.1.8) lib/action_dispatch/middleware/request_id.rb:21:in `call'
  rack (1.5.5) lib/rack/methodoverride.rb:21:in `call'
  rack (1.5.5) lib/rack/runtime.rb:17:in `call'
  activesupport (4.1.8) lib/active_support/cache/strategy/local_cache_middleware.rb:26:in `call'
  rack (1.5.5) lib/rack/lock.rb:17:in `call'
  actionpack (4.1.8) lib/action_dispatch/middleware/static.rb:84:in `call'
  rack (1.5.5) lib/rack/sendfile.rb:112:in `call'
  railties (4.1.8) lib/rails/engine.rb:514:in `call'
  railties (4.1.8) lib/rails/application.rb:144:in `call'
  rack (1.5.5) lib/rack/lock.rb:17:in `call'
  rack (1.5.5) lib/rack/content_length.rb:14:in `call'
  rack (1.5.5) lib/rack/handler/webrick.rb:60:in `service'
  /home/rain/.rvm/rubies/ruby-2.1.0/lib/ruby/2.1.0/webrick/httpserver.rb:138:in `service'
  /home/rain/.rvm/rubies/ruby-2.1.0/lib/ruby/2.1.0/webrick/httpserver.rb:94:in `run'
  /home/rain/.rvm/rubies/ruby-2.1.0/lib/ruby/2.1.0/webrick/server.rb:295:in `block in start_thread'


  Rendered /home/rain/.rvm/gems/ruby-2.1.0/gems/actionpack-4.1.8/lib/action_dispatch/middleware/templates/rescues/_trace.html.erb (1.8ms)
  Rendered /home/rain/.rvm/gems/ruby-2.1.0/gems/actionpack-4.1.8/lib/action_dispatch/middleware/templates/routes/_route.html.erb (0.7ms)
  Rendered /home/rain/.rvm/gems/ruby-2.1.0/gems/actionpack-4.1.8/lib/action_dispatch/middleware/templates/routes/_table.html.erb (0.9ms)
  Rendered /home/rain/.rvm/gems/ruby-2.1.0/gems/actionpack-4.1.8/lib/action_dispatch/middleware/templates/rescues/routing_error.html.erb within rescues/layout (17.8ms)


Started GET "/" for 127.0.0.1 at 2015-09-10 16:17:53 +0800
Processing by WelcomeController#index as HTML
  Rendered welcome/index.html.erb within layouts/application (0.8ms)
Completed 200 OK in 69ms (Views: 54.4ms | ActiveRecord: 0.0ms)


Started GET "/assets/application.css?body=1" for 127.0.0.1 at 2015-09-10 16:17:53 +0800


Started GET "/assets/application.js?body=1" for 127.0.0.1 at 2015-09-10 16:17:53 +0800


Started GET "/assets/turbolinks.js?body=1" for 127.0.0.1 at 2015-09-10 16:17:53 +0800


Started GET "/assets/jquery_ujs.js?body=1" for 127.0.0.1 at 2015-09-10 16:17:53 +0800


Started GET "/assets/jquery.js?body=1" for 127.0.0.1 at 2015-09-10 16:17:53 +0800
